<?xml version="1.0" encoding="UTF-8"?>
<testsuite xmlns:xsi="http://www.w3.org/2001/XMLSchema-instance" xsi:noNamespaceSchemaLocation="https://maven.apache.org/surefire/maven-surefire-plugin/xsd/surefire-test-report.xsd" name="my.domain.name.TestRunner" time="76.415" tests="4" errors="0" skipped="0" failures="2">
  <properties>
[...]
</properties>
  <testcase name="Successful Account Creation #1" classname="Create New Account" time="23.717"/>
  <testcase name="Successful Account Creation #2" classname="Create New Account" time="23.083"/>
  <testcase name="Attempt to Create Account with Existing User ID" classname="Create New Account" time="15.826">
    <failure message="Error message is displayed" type="java.lang.AssertionError">java.lang.AssertionError: Error message is displayed
</failure>
    <system-out><![CDATA[
@create-account
Scenario Outline: Attempt to Create Account with Existing User ID # src/test/java/my/domain/name/feature/createNewAccount.feature:37
  Given I am on the new account page                              # my.domain.name.steps.CreateNewAcct.i_am_on_the_new_account_page()
  When I enter valid user id "quality2"                           # my.domain.name.steps.CreateNewAcct.i_enter_valid_user_id(java.lang.String)
  And I enter valid password "12345678"                           # my.domain.name.steps.CreateNewAcct.i_enter_valid_password(java.lang.String)
  And I enter valid confirm password "12345678"                   # my.domain.name.steps.CreateNewAcct.i_enter_valid_confirm_password(java.lang.String)
  And I enter account information                                 # my.domain.name.steps.CreateNewAcct.i_enter_account_information()
  When I save my account information                              # my.domain.name.steps.CreateNewAcct.i_save_my_account_information()
  Then I should see an error message                              # my.domain.name.steps.CreateNewAcct.i_should_see_an_error_message()
      java.lang.AssertionError: Error message is displayed
	at org.junit.Assert.fail(Assert.java:89)
	at org.junit.Assert.assertTrue(Assert.java:42)
	at my.domain.name.steps.CreateNewAcct.i_should_see_an_error_message(CreateNewAcct.java:157)
	at ✽.I should see an error message(file:///Users/daraakitoye/Web-2/jpetstoretests/src/test/java/my/domain/name/feature/createNewAccount.feature:33)

]]></system-out>
    <system-err><![CDATA[[main] WARN io.github.bonigarcia.wdm.versions.VersionDetector - Exception reading CfT URL ('null') to get version of chromedriver (For input string: "latest")
[main] ERROR io.github.bonigarcia.wdm.online.HttpClient - Error HTTP 404 executing https://googlechromelabs.github.io/chrome-for-testing/LATEST_RELEASE_latest
[main] WARN io.github.bonigarcia.wdm.versions.VersionDetector - Exception reading https://googlechromelabs.github.io/chrome-for-testing/LATEST_RELEASE_latest to get latest version of chromedriver (Error HTTP 404 executing https://googlechromelabs.github.io/chrome-for-testing/LATEST_RELEASE_latest)
[main] INFO io.github.bonigarcia.wdm.WebDriverManager - Exporting webdriver.chrome.driver as /Users/daraakitoye/.cache/selenium/chromedriver/mac-arm64/134.0.6998.88/chromedriver
Starting ChromeDriver 134.0.6998.88 (7e3d5c978c6d3a6eda25692cfac7f893a2b20dd0-refs/branch-heads/6998@{#1898}) on port 27215
Only local connections are allowed.
Please see https://chromedriver.chromium.org/security-considerations for suggestions on keeping ChromeDriver safe.
ChromeDriver was started successfully on port 27215.
Mar 15, 2025 2:12:41 P.M. org.openqa.selenium.remote.ProtocolHandshake createSession
INFO: Detected dialect: W3C
]]></system-err>
  </testcase>
  <testcase name="Attempt to Create Account without Filling Account Information" classname="Create New Account" time="13.425">
    <failure message="Validation error message is displayed" type="java.lang.AssertionError">java.lang.AssertionError: Validation error message is displayed
</failure>
    <system-out><![CDATA[
@create-account
Scenario Outline: Attempt to Create Account without Filling Account Information # src/test/java/my/domain/name/feature/createNewAccount.feature:49
  Given I am on the new account page                                            # my.domain.name.steps.CreateNewAcct.i_am_on_the_new_account_page()
  When I enter valid user id "newuser123"                                       # my.domain.name.steps.CreateNewAcct.i_enter_valid_user_id(java.lang.String)
  And I enter valid password "pass123"                                          # my.domain.name.steps.CreateNewAcct.i_enter_valid_password(java.lang.String)
  And I enter valid confirm password "pass123"                                  # my.domain.name.steps.CreateNewAcct.i_enter_valid_confirm_password(java.lang.String)
  When I save my account information                                            # my.domain.name.steps.CreateNewAcct.i_save_my_account_information()
  Then I should see validation error message                                    # my.domain.name.steps.CreateNewAcct.i_should_see_validation_error_message()
      java.lang.AssertionError: Validation error message is displayed
	at org.junit.Assert.fail(Assert.java:89)
	at org.junit.Assert.assertTrue(Assert.java:42)
	at my.domain.name.steps.CreateNewAcct.i_should_see_validation_error_message(CreateNewAcct.java:179)
	at ✽.I should see validation error message(file:///Users/daraakitoye/Web-2/jpetstoretests/src/test/java/my/domain/name/feature/createNewAccount.feature:45)

]]></system-out>
    <system-err><![CDATA[[main] WARN io.github.bonigarcia.wdm.versions.VersionDetector - Exception reading CfT URL ('null') to get version of chromedriver (For input string: "latest")
[main] ERROR io.github.bonigarcia.wdm.online.HttpClient - Error HTTP 404 executing https://googlechromelabs.github.io/chrome-for-testing/LATEST_RELEASE_latest
[main] WARN io.github.bonigarcia.wdm.versions.VersionDetector - Exception reading https://googlechromelabs.github.io/chrome-for-testing/LATEST_RELEASE_latest to get latest version of chromedriver (Error HTTP 404 executing https://googlechromelabs.github.io/chrome-for-testing/LATEST_RELEASE_latest)
[main] INFO io.github.bonigarcia.wdm.WebDriverManager - Exporting webdriver.chrome.driver as /Users/daraakitoye/.cache/selenium/chromedriver/mac-arm64/134.0.6998.88/chromedriver
Starting ChromeDriver 134.0.6998.88 (7e3d5c978c6d3a6eda25692cfac7f893a2b20dd0-refs/branch-heads/6998@{#1898}) on port 6093
Only local connections are allowed.
Please see https://chromedriver.chromium.org/security-considerations for suggestions on keeping ChromeDriver safe.
ChromeDriver was started successfully on port 6093.
Mar 15, 2025 2:12:57 P.M. org.openqa.selenium.remote.ProtocolHandshake createSession
INFO: Detected dialect: W3C
]]></system-err>
  </testcase>
</testsuite>