<?xml version="1.0" encoding="UTF-8"?>
<testsuite xmlns:xsi="http://www.w3.org/2001/XMLSchema-instance" xsi:noNamespaceSchemaLocation="https://maven.apache.org/surefire/maven-surefire-plugin/xsd/surefire-test-report.xsd" name="my.domain.name.TestRunner" time="92.63" tests="10" errors="0" skipped="0" failures="8">
  <properties>
[...]
</properties>
  <testcase name="Successfully changing the password" classname="Change Password in JPetStore" time="7.656">
    <failure message="URL should contain Catalog.action" type="java.lang.AssertionError">java.lang.AssertionError: URL should contain Catalog.action
</failure>
    <system-out><![CDATA[
@change_password
Scenario: Successfully changing the password                     # src/test/java/my/domain/name/feature/change_password.feature:8
  Given I am logged into JPetStore                               # my.domain.name.steps.ChangePasswordSteps.i_am_logged_into_jpetstore()
      java.lang.AssertionError: URL should contain Catalog.action
	at org.junit.Assert.fail(Assert.java:89)
	at org.junit.Assert.assertTrue(Assert.java:42)
	at my.domain.name.steps.ChangePasswordSteps.i_am_logged_into_jpetstore(ChangePasswordSteps.java:52)
	at ✽.I am logged into JPetStore(file:///Users/daraakitoye/Web-2/jpetstoretests/src/test/java/my/domain/name/feature/change_password.feature:9)

  When I navigate to the my account page                         # my.domain.name.steps.ChangePasswordSteps.i_navigate_to_account_page()
  And I enter a new password "NewPass"                           # my.domain.name.steps.ChangePasswordSteps.i_enter_new_password(java.lang.String)
  And I confirm the new password "NewPass"                       # my.domain.name.steps.ChangePasswordSteps.i_confirm_new_password(java.lang.String)
  And I save account information                                 # my.domain.name.steps.ChangePasswordSteps.i_save_account_information()
  Then I should be directed to home page                         # my.domain.name.steps.ChangePasswordSteps.i_should_be_redirected_to_home_page()
  And I should be able to log in with the new password "NewPass" # my.domain.name.steps.ChangePasswordSteps.i_should_be_able_to_login_with_new_password(java.lang.String)
]]></system-out>
    <system-err><![CDATA[[main] WARN io.github.bonigarcia.wdm.versions.VersionDetector - Exception reading CfT URL ('null') to get version of chromedriver (For input string: "latest")
[main] ERROR io.github.bonigarcia.wdm.online.HttpClient - Error HTTP 404 executing https://googlechromelabs.github.io/chrome-for-testing/LATEST_RELEASE_latest
[main] WARN io.github.bonigarcia.wdm.versions.VersionDetector - Exception reading https://googlechromelabs.github.io/chrome-for-testing/LATEST_RELEASE_latest to get latest version of chromedriver (Error HTTP 404 executing https://googlechromelabs.github.io/chrome-for-testing/LATEST_RELEASE_latest)
[main] INFO io.github.bonigarcia.wdm.WebDriverManager - Exporting webdriver.chrome.driver as /Users/daraakitoye/.cache/selenium/chromedriver/mac-arm64/134.0.6998.88/chromedriver
Starting ChromeDriver 134.0.6998.88 (7e3d5c978c6d3a6eda25692cfac7f893a2b20dd0-refs/branch-heads/6998@{#1898}) on port 25733
Only local connections are allowed.
Please see https://chromedriver.chromium.org/security-considerations for suggestions on keeping ChromeDriver safe.
ChromeDriver was started successfully on port 25733.
Mar 15, 2025 11:26:55 A.M. org.openqa.selenium.remote.ProtocolHandshake createSession
INFO: Detected dialect: W3C
]]></system-err>
  </testcase>
  <testcase name="Successful Account Creation #1" classname="Create New Account" time="22.731"/>
  <testcase name="Successful Account Creation #2" classname="Create New Account" time="22.748"/>
  <testcase name="Attempt to Create Account with Existing User ID" classname="Create New Account" time="15.603">
    <failure message="Error message is displayed" type="java.lang.AssertionError">java.lang.AssertionError: Error message is displayed
</failure>
    <system-out><![CDATA[
Scenario Outline: Attempt to Create Account with Existing User ID # src/test/java/my/domain/name/feature/createNewAccount.feature:36
  Given I am on the new account page                              # my.domain.name.steps.CreateNewAcct.i_am_on_the_new_account_page()
  When I enter valid user id "quality2"                           # my.domain.name.steps.CreateNewAcct.i_enter_valid_user_id(java.lang.String)
  And I enter valid password "12345678"                           # my.domain.name.steps.CreateNewAcct.i_enter_valid_password(java.lang.String)
  And I enter valid confirm password "12345678"                   # my.domain.name.steps.CreateNewAcct.i_enter_valid_confirm_password(java.lang.String)
  And I enter account information                                 # my.domain.name.steps.CreateNewAcct.i_enter_account_information()
  When I save my account information                              # my.domain.name.steps.CreateNewAcct.i_save_my_account_information()
  Then I should see an error message                              # my.domain.name.steps.CreateNewAcct.i_should_see_an_error_message()
      java.lang.AssertionError: Error message is displayed
	at org.junit.Assert.fail(Assert.java:89)
	at org.junit.Assert.assertTrue(Assert.java:42)
	at my.domain.name.steps.CreateNewAcct.i_should_see_an_error_message(CreateNewAcct.java:159)
	at ✽.I should see an error message(file:///Users/daraakitoye/Web-2/jpetstoretests/src/test/java/my/domain/name/feature/createNewAccount.feature:32)

]]></system-out>
    <system-err><![CDATA[[main] WARN io.github.bonigarcia.wdm.versions.VersionDetector - Exception reading CfT URL ('null') to get version of chromedriver (For input string: "latest")
[main] ERROR io.github.bonigarcia.wdm.online.HttpClient - Error HTTP 404 executing https://googlechromelabs.github.io/chrome-for-testing/LATEST_RELEASE_latest
[main] WARN io.github.bonigarcia.wdm.versions.VersionDetector - Exception reading https://googlechromelabs.github.io/chrome-for-testing/LATEST_RELEASE_latest to get latest version of chromedriver (Error HTTP 404 executing https://googlechromelabs.github.io/chrome-for-testing/LATEST_RELEASE_latest)
[main] INFO io.github.bonigarcia.wdm.WebDriverManager - Exporting webdriver.chrome.driver as /Users/daraakitoye/.cache/selenium/chromedriver/mac-arm64/134.0.6998.88/chromedriver
Starting ChromeDriver 134.0.6998.88 (7e3d5c978c6d3a6eda25692cfac7f893a2b20dd0-refs/branch-heads/6998@{#1898}) on port 23141
Only local connections are allowed.
Please see https://chromedriver.chromium.org/security-considerations for suggestions on keeping ChromeDriver safe.
ChromeDriver was started successfully on port 23141.
Mar 15, 2025 11:27:48 A.M. org.openqa.selenium.remote.ProtocolHandshake createSession
INFO: Detected dialect: W3C
]]></system-err>
  </testcase>
  <testcase name="Testing valid login #1" classname="Test JPetStore Login" time="3.881">
    <failure message="User should be logged in successfully" type="java.lang.AssertionError">java.lang.AssertionError: User should be logged in successfully
</failure>
    <system-out><![CDATA[
Scenario Outline: Testing valid login                                           # src/test/java/my/domain/name/feature/login.feature:11
  Given I open Chrome browser                                                   # my.domain.name.steps.LoginSteps.i_open_Chrome_browser()
  And I go to JPetStore sign in page                                            # my.domain.name.steps.LoginSteps.i_go_to_jpetstore_sign_in_page()
  When I enter valid "ashley" and "12345678" combination and press login button # my.domain.name.steps.LoginSteps.i_enter_valid_and_combination(java.lang.String,java.lang.String)
  Then I should be able to login successfully                                   # my.domain.name.steps.LoginSteps.i_should_be_able_to_login_successfully()
      java.lang.AssertionError: User should be logged in successfully
	at org.junit.Assert.fail(Assert.java:89)
	at org.junit.Assert.assertTrue(Assert.java:42)
	at my.domain.name.steps.LoginSteps.i_should_be_able_to_login_successfully(LoginSteps.java:69)
	at ✽.I should be able to login successfully(file:///Users/daraakitoye/Web-2/jpetstoretests/src/test/java/my/domain/name/feature/login.feature:7)

]]></system-out>
    <system-err><![CDATA[[main] WARN io.github.bonigarcia.wdm.versions.VersionDetector - Exception reading CfT URL ('null') to get version of chromedriver (For input string: "latest")
[main] ERROR io.github.bonigarcia.wdm.online.HttpClient - Error HTTP 404 executing https://googlechromelabs.github.io/chrome-for-testing/LATEST_RELEASE_latest
[main] WARN io.github.bonigarcia.wdm.versions.VersionDetector - Exception reading https://googlechromelabs.github.io/chrome-for-testing/LATEST_RELEASE_latest to get latest version of chromedriver (Error HTTP 404 executing https://googlechromelabs.github.io/chrome-for-testing/LATEST_RELEASE_latest)
[main] INFO io.github.bonigarcia.wdm.WebDriverManager - Exporting webdriver.chrome.driver as /Users/daraakitoye/.cache/selenium/chromedriver/mac-arm64/134.0.6998.88/chromedriver
Starting ChromeDriver 134.0.6998.88 (7e3d5c978c6d3a6eda25692cfac7f893a2b20dd0-refs/branch-heads/6998@{#1898}) on port 3310
Only local connections are allowed.
Please see https://chromedriver.chromium.org/security-considerations for suggestions on keeping ChromeDriver safe.
ChromeDriver was started successfully on port 3310.
Mar 15, 2025 11:28:03 A.M. org.openqa.selenium.remote.ProtocolHandshake createSession
INFO: Detected dialect: W3C
]]></system-err>
  </testcase>
  <testcase name="Testing valid login #2" classname="Test JPetStore Login" time="3.887">
    <failure message="User should be logged in successfully" type="java.lang.AssertionError">java.lang.AssertionError: User should be logged in successfully
</failure>
    <system-out><![CDATA[
Scenario Outline: Testing valid login                                             # src/test/java/my/domain/name/feature/login.feature:12
  Given I open Chrome browser                                                     # my.domain.name.steps.LoginSteps.i_open_Chrome_browser()
  And I go to JPetStore sign in page                                              # my.domain.name.steps.LoginSteps.i_go_to_jpetstore_sign_in_page()
  When I enter valid "quality2" and "12345678" combination and press login button # my.domain.name.steps.LoginSteps.i_enter_valid_and_combination(java.lang.String,java.lang.String)
  Then I should be able to login successfully                                     # my.domain.name.steps.LoginSteps.i_should_be_able_to_login_successfully()
      java.lang.AssertionError: User should be logged in successfully
	at org.junit.Assert.fail(Assert.java:89)
	at org.junit.Assert.assertTrue(Assert.java:42)
	at my.domain.name.steps.LoginSteps.i_should_be_able_to_login_successfully(LoginSteps.java:69)
	at ✽.I should be able to login successfully(file:///Users/daraakitoye/Web-2/jpetstoretests/src/test/java/my/domain/name/feature/login.feature:7)

]]></system-out>
    <system-err><![CDATA[[main] WARN io.github.bonigarcia.wdm.versions.VersionDetector - Exception reading CfT URL ('null') to get version of chromedriver (For input string: "latest")
[main] ERROR io.github.bonigarcia.wdm.online.HttpClient - Error HTTP 404 executing https://googlechromelabs.github.io/chrome-for-testing/LATEST_RELEASE_latest
[main] WARN io.github.bonigarcia.wdm.versions.VersionDetector - Exception reading https://googlechromelabs.github.io/chrome-for-testing/LATEST_RELEASE_latest to get latest version of chromedriver (Error HTTP 404 executing https://googlechromelabs.github.io/chrome-for-testing/LATEST_RELEASE_latest)
[main] INFO io.github.bonigarcia.wdm.WebDriverManager - Exporting webdriver.chrome.driver as /Users/daraakitoye/.cache/selenium/chromedriver/mac-arm64/134.0.6998.88/chromedriver
Starting ChromeDriver 134.0.6998.88 (7e3d5c978c6d3a6eda25692cfac7f893a2b20dd0-refs/branch-heads/6998@{#1898}) on port 47534
Only local connections are allowed.
Please see https://chromedriver.chromium.org/security-considerations for suggestions on keeping ChromeDriver safe.
ChromeDriver was started successfully on port 47534.
Mar 15, 2025 11:28:07 A.M. org.openqa.selenium.remote.ProtocolHandshake createSession
INFO: Detected dialect: W3C
]]></system-err>
  </testcase>
  <testcase name="Testing invalid login #1" classname="Test JPetStore Login" time="3.825">
    <failure message="Error message should be displayed" type="java.lang.AssertionError">java.lang.AssertionError: Error message should be displayed
</failure>
    <system-out><![CDATA[
Scenario Outline: Testing invalid login                                            # src/test/java/my/domain/name/feature/login.feature:22
  Given I open Chrome browser                                                      # my.domain.name.steps.LoginSteps.i_open_Chrome_browser()
  And I go to JPetStore sign in page                                               # my.domain.name.steps.LoginSteps.i_go_to_jpetstore_sign_in_page()
  When I enter invalid "ashley" and "wrongpass" combination and press login button # my.domain.name.steps.LoginSteps.i_should_not_be_able_to_login(java.lang.String,java.lang.String)
  Then I should not be able to login                                               # my.domain.name.steps.LoginSteps.i_should_not_be_able_to_login()
      java.lang.AssertionError: Error message should be displayed
	at org.junit.Assert.fail(Assert.java:89)
	at org.junit.Assert.assertTrue(Assert.java:42)
	at my.domain.name.steps.LoginSteps.i_should_not_be_able_to_login(LoginSteps.java:106)
	at ✽.I should not be able to login(file:///Users/daraakitoye/Web-2/jpetstoretests/src/test/java/my/domain/name/feature/login.feature:18)

]]></system-out>
    <system-err><![CDATA[[main] WARN io.github.bonigarcia.wdm.versions.VersionDetector - Exception reading CfT URL ('null') to get version of chromedriver (For input string: "latest")
[main] ERROR io.github.bonigarcia.wdm.online.HttpClient - Error HTTP 404 executing https://googlechromelabs.github.io/chrome-for-testing/LATEST_RELEASE_latest
[main] WARN io.github.bonigarcia.wdm.versions.VersionDetector - Exception reading https://googlechromelabs.github.io/chrome-for-testing/LATEST_RELEASE_latest to get latest version of chromedriver (Error HTTP 404 executing https://googlechromelabs.github.io/chrome-for-testing/LATEST_RELEASE_latest)
[main] INFO io.github.bonigarcia.wdm.WebDriverManager - Exporting webdriver.chrome.driver as /Users/daraakitoye/.cache/selenium/chromedriver/mac-arm64/134.0.6998.88/chromedriver
Starting ChromeDriver 134.0.6998.88 (7e3d5c978c6d3a6eda25692cfac7f893a2b20dd0-refs/branch-heads/6998@{#1898}) on port 7470
Only local connections are allowed.
Please see https://chromedriver.chromium.org/security-considerations for suggestions on keeping ChromeDriver safe.
ChromeDriver was started successfully on port 7470.
Mar 15, 2025 11:28:11 A.M. org.openqa.selenium.remote.ProtocolHandshake createSession
INFO: Detected dialect: W3C
]]></system-err>
  </testcase>
  <testcase name="Testing invalid login #2" classname="Test JPetStore Login" time="4.198">
    <failure message="Error message should be displayed" type="java.lang.AssertionError">java.lang.AssertionError: Error message should be displayed
</failure>
    <system-out><![CDATA[
Scenario Outline: Testing invalid login                                         # src/test/java/my/domain/name/feature/login.feature:23
  Given I open Chrome browser                                                   # my.domain.name.steps.LoginSteps.i_open_Chrome_browser()
  And I go to JPetStore sign in page                                            # my.domain.name.steps.LoginSteps.i_go_to_jpetstore_sign_in_page()
  When I enter invalid "quality2" and "1234" combination and press login button # my.domain.name.steps.LoginSteps.i_should_not_be_able_to_login(java.lang.String,java.lang.String)
  Then I should not be able to login                                            # my.domain.name.steps.LoginSteps.i_should_not_be_able_to_login()
      java.lang.AssertionError: Error message should be displayed
	at org.junit.Assert.fail(Assert.java:89)
	at org.junit.Assert.assertTrue(Assert.java:42)
	at my.domain.name.steps.LoginSteps.i_should_not_be_able_to_login(LoginSteps.java:106)
	at ✽.I should not be able to login(file:///Users/daraakitoye/Web-2/jpetstoretests/src/test/java/my/domain/name/feature/login.feature:18)

]]></system-out>
    <system-err><![CDATA[[main] WARN io.github.bonigarcia.wdm.versions.VersionDetector - Exception reading CfT URL ('null') to get version of chromedriver (For input string: "latest")
[main] ERROR io.github.bonigarcia.wdm.online.HttpClient - Error HTTP 404 executing https://googlechromelabs.github.io/chrome-for-testing/LATEST_RELEASE_latest
[main] WARN io.github.bonigarcia.wdm.versions.VersionDetector - Exception reading https://googlechromelabs.github.io/chrome-for-testing/LATEST_RELEASE_latest to get latest version of chromedriver (Error HTTP 404 executing https://googlechromelabs.github.io/chrome-for-testing/LATEST_RELEASE_latest)
[main] INFO io.github.bonigarcia.wdm.WebDriverManager - Exporting webdriver.chrome.driver as /Users/daraakitoye/.cache/selenium/chromedriver/mac-arm64/134.0.6998.88/chromedriver
Starting ChromeDriver 134.0.6998.88 (7e3d5c978c6d3a6eda25692cfac7f893a2b20dd0-refs/branch-heads/6998@{#1898}) on port 6835
Only local connections are allowed.
Please see https://chromedriver.chromium.org/security-considerations for suggestions on keeping ChromeDriver safe.
ChromeDriver was started successfully on port 6835.
Mar 15, 2025 11:28:15 A.M. org.openqa.selenium.remote.ProtocolHandshake createSession
INFO: Detected dialect: W3C
]]></system-err>
  </testcase>
  <testcase name="Testing blank fields #1" classname="Test JPetStore Login" time="3.961">
    <failure message="Error message should be displayed" type="java.lang.AssertionError">java.lang.AssertionError: Error message should be displayed
</failure>
    <system-out><![CDATA[
Scenario Outline: Testing blank fields                                      # src/test/java/my/domain/name/feature/login.feature:33
  Given I open Chrome browser                                               # my.domain.name.steps.LoginSteps.i_open_Chrome_browser()
  And I go to JPetStore sign in page                                        # my.domain.name.steps.LoginSteps.i_go_to_jpetstore_sign_in_page()
  When I enter blank "blank" and "blank" combination and press login button # my.domain.name.steps.LoginSteps.i_enter_blank_information(java.lang.String,java.lang.String)
  Then I should not be able to login                                        # my.domain.name.steps.LoginSteps.i_should_not_be_able_to_login()
      java.lang.AssertionError: Error message should be displayed
	at org.junit.Assert.fail(Assert.java:89)
	at org.junit.Assert.assertTrue(Assert.java:42)
	at my.domain.name.steps.LoginSteps.i_should_not_be_able_to_login(LoginSteps.java:106)
	at ✽.I should not be able to login(file:///Users/daraakitoye/Web-2/jpetstoretests/src/test/java/my/domain/name/feature/login.feature:29)

]]></system-out>
    <system-err><![CDATA[[main] WARN io.github.bonigarcia.wdm.versions.VersionDetector - Exception reading CfT URL ('null') to get version of chromedriver (For input string: "latest")
[main] ERROR io.github.bonigarcia.wdm.online.HttpClient - Error HTTP 404 executing https://googlechromelabs.github.io/chrome-for-testing/LATEST_RELEASE_latest
[main] WARN io.github.bonigarcia.wdm.versions.VersionDetector - Exception reading https://googlechromelabs.github.io/chrome-for-testing/LATEST_RELEASE_latest to get latest version of chromedriver (Error HTTP 404 executing https://googlechromelabs.github.io/chrome-for-testing/LATEST_RELEASE_latest)
[main] INFO io.github.bonigarcia.wdm.WebDriverManager - Exporting webdriver.chrome.driver as /Users/daraakitoye/.cache/selenium/chromedriver/mac-arm64/134.0.6998.88/chromedriver
Starting ChromeDriver 134.0.6998.88 (7e3d5c978c6d3a6eda25692cfac7f893a2b20dd0-refs/branch-heads/6998@{#1898}) on port 44244
Only local connections are allowed.
Please see https://chromedriver.chromium.org/security-considerations for suggestions on keeping ChromeDriver safe.
ChromeDriver was started successfully on port 44244.
Mar 15, 2025 11:28:19 A.M. org.openqa.selenium.remote.ProtocolHandshake createSession
INFO: Detected dialect: W3C
]]></system-err>
  </testcase>
  <testcase name="Testing blank fields #2" classname="Test JPetStore Login" time="3.76">
    <failure message="Error message should be displayed" type="java.lang.AssertionError">java.lang.AssertionError: Error message should be displayed
</failure>
    <system-out><![CDATA[
Scenario Outline: Testing blank fields                                      # src/test/java/my/domain/name/feature/login.feature:34
  Given I open Chrome browser                                               # my.domain.name.steps.LoginSteps.i_open_Chrome_browser()
  And I go to JPetStore sign in page                                        # my.domain.name.steps.LoginSteps.i_go_to_jpetstore_sign_in_page()
  When I enter blank "blank" and "blank" combination and press login button # my.domain.name.steps.LoginSteps.i_enter_blank_information(java.lang.String,java.lang.String)
  Then I should not be able to login                                        # my.domain.name.steps.LoginSteps.i_should_not_be_able_to_login()
      java.lang.AssertionError: Error message should be displayed
	at org.junit.Assert.fail(Assert.java:89)
	at org.junit.Assert.assertTrue(Assert.java:42)
	at my.domain.name.steps.LoginSteps.i_should_not_be_able_to_login(LoginSteps.java:106)
	at ✽.I should not be able to login(file:///Users/daraakitoye/Web-2/jpetstoretests/src/test/java/my/domain/name/feature/login.feature:29)

]]></system-out>
    <system-err><![CDATA[[main] WARN io.github.bonigarcia.wdm.versions.VersionDetector - Exception reading CfT URL ('null') to get version of chromedriver (For input string: "latest")
[main] ERROR io.github.bonigarcia.wdm.online.HttpClient - Error HTTP 404 executing https://googlechromelabs.github.io/chrome-for-testing/LATEST_RELEASE_latest
[main] WARN io.github.bonigarcia.wdm.versions.VersionDetector - Exception reading https://googlechromelabs.github.io/chrome-for-testing/LATEST_RELEASE_latest to get latest version of chromedriver (Error HTTP 404 executing https://googlechromelabs.github.io/chrome-for-testing/LATEST_RELEASE_latest)
[main] INFO io.github.bonigarcia.wdm.WebDriverManager - Exporting webdriver.chrome.driver as /Users/daraakitoye/.cache/selenium/chromedriver/mac-arm64/134.0.6998.88/chromedriver
Starting ChromeDriver 134.0.6998.88 (7e3d5c978c6d3a6eda25692cfac7f893a2b20dd0-refs/branch-heads/6998@{#1898}) on port 15070
Only local connections are allowed.
Please see https://chromedriver.chromium.org/security-considerations for suggestions on keeping ChromeDriver safe.
ChromeDriver was started successfully on port 15070.
Mar 15, 2025 11:28:23 A.M. org.openqa.selenium.remote.ProtocolHandshake createSession
INFO: Detected dialect: W3C
]]></system-err>
  </testcase>
</testsuite>